projects/android/classygames/proguard/seeds.txt
edu.selu.android.classygames.AboutActivity
edu.selu.android.classygames.AboutActivity: AboutActivity()
edu.selu.android.classygames.CheckersGameActivity
edu.selu.android.classygames.CheckersGameActivity: CheckersGameActivity()
edu.selu.android.classygames.CheckersGameActivity: void onClick(android.view.View)
edu.selu.android.classygames.ConfirmGameActivity
edu.selu.android.classygames.ConfirmGameActivity: ConfirmGameActivity()
edu.selu.android.classygames.GameOverActivity
edu.selu.android.classygames.GameOverActivity: GameOverActivity()
edu.selu.android.classygames.GamesListActivity
edu.selu.android.classygames.GamesListActivity: GamesListActivity()
edu.selu.android.classygames.LogoutActivity
edu.selu.android.classygames.LogoutActivity: LogoutActivity()
edu.selu.android.classygames.MainActivity
edu.selu.android.classygames.MainActivity: MainActivity()
edu.selu.android.classygames.MyButton: int getPy()
edu.selu.android.classygames.MyButton: void setPy(int)
edu.selu.android.classygames.MyButton: void setEmpty(boolean)
edu.selu.android.classygames.MyButton: void setPlayerGreen(boolean)
edu.selu.android.classygames.MyButton: int getPx()
edu.selu.android.classygames.MyButton: void setPx(int)
edu.selu.android.classygames.MyButton: void setCrown(boolean)
edu.selu.android.classygames.NewGameActivity
edu.selu.android.classygames.NewGameActivity: NewGameActivity()
edu.selu.android.classygames.R$attr: int actionBarDivider
edu.selu.android.classygames.R$attr: int actionBarItemBackground
edu.selu.android.classygames.R$attr: int actionBarSize
edu.selu.android.classygames.R$attr: int actionBarSplitStyle
edu.selu.android.classygames.R$attr: int actionBarStyle
edu.selu.android.classygames.R$attr: int actionBarTabBarStyle
edu.selu.android.classygames.R$attr: int actionBarTabStyle
edu.selu.android.classygames.R$attr: int actionBarTabTextStyle
edu.selu.android.classygames.R$attr: int actionBarWidgetTheme
edu.selu.android.classygames.R$attr: int actionButtonStyle
edu.selu.android.classygames.R$attr: int actionDropDownStyle
edu.selu.android.classygames.R$attr: int actionMenuTextAppearance
edu.selu.android.classygames.R$attr: int actionMenuTextColor
edu.selu.android.classygames.R$attr: int actionModeBackground
edu.selu.android.classygames.R$attr: int actionModeCloseButtonStyle
edu.selu.android.classygames.R$attr: int actionModeCloseDrawable
edu.selu.android.classygames.R$attr: int actionModePopupWindowStyle
edu.selu.android.classygames.R$attr: int actionModeShareDrawable
edu.selu.android.classygames.R$attr: int actionModeSplitBackground
edu.selu.android.classygames.R$attr: int actionModeStyle
edu.selu.android.classygames.R$attr: int actionOverflowButtonStyle
edu.selu.android.classygames.R$attr: int actionSpinnerItemStyle
edu.selu.android.classygames.R$attr: int activatedBackgroundIndicator
edu.selu.android.classygames.R$bool: int abs__action_bar_embed_tabs
edu.selu.android.classygames.R$bool: int abs__action_bar_expanded_action_views_exclusive
edu.selu.android.classygames.R$bool: int abs__config_actionMenuItemAllCaps
edu.selu.android.classygames.R$bool: int abs__config_allowActionMenuItemTextWithIcon
edu.selu.android.classygames.R$bool: int abs__config_showMenuShortcutsWhenKeyboardPresent
edu.selu.android.classygames.R$bool: int abs__split_action_bar_is_narrow
...
android.support.v4.app.FragmentState
android.support.v4.app.FragmentState: android.os.Parcelable$Creator CREATOR
android.support.v4.app.FragmentTabHost: void setOnTabChangedListener(android.widget.TabHost$OnTabChangeListener)
android.support.v4.app.FragmentTabHost$SavedState
android.support.v4.app.FragmentTabHost$SavedState: android.os.Parcelable$Creator CREATOR
android.support.v4.content.ModernAsyncTask$Status: android.support.v4.content.ModernAsyncTask$Status[] values()
android.support.v4.content.ModernAsyncTask$Status: android.support.v4.content.ModernAsyncTask$Status valueOf(java.lang.String)
android.support.v4.view.PagerTabStrip: void setTabIndicatorColor(int)
android.support.v4.view.PagerTabStrip: void setTabIndicatorColorResource(int)
android.support.v4.view.PagerTabStrip: int getTabIndicatorColor()
android.support.v4.view.PagerTabStrip: void setTextSpacing(int)
android.support.v4.view.PagerTabStrip: void setBackgroundDrawable(android.graphics.drawable.Drawable)
android.support.v4.view.PagerTabStrip: void setBackgroundColor(int)
android.support.v4.view.PagerTabStrip: void setBackgroundResource(int)
android.support.v4.view.PagerTabStrip: void setDrawFullUnderline(boolean)
android.support.v4.view.PagerTabStrip: boolean getDrawFullUnderline()
android.support.v4.view.PagerTabStrip: int getMinHeight()
android.support.v4.view.PagerTitleStrip: void setSingleLineAllCaps(android.widget.TextView)
android.support.v4.view.PagerTitleStrip: void setTextSpacing(int)
android.support.v4.view.PagerTitleStrip: int getTextSpacing()
android.support.v4.view.PagerTitleStrip: void setNonPrimaryAlpha(float)
android.support.v4.view.PagerTitleStrip: void setTextColor(int)
android.support.v4.view.PagerTitleStrip: void setGravity(int)
android.support.v4.view.PagerTitleStrip: int getMinHeight()
android.support.v4.view.ViewPager: void setScrollState(int)
android.support.v4.view.ViewPager: void setAdapter(android.support.v4.view.PagerAdapter)
android.support.v4.view.ViewPager: android.support.v4.view.PagerAdapter getAdapter()
android.support.v4.view.ViewPager: void setOnAdapterChangeListener(android.support.v4.view.ViewPager$OnAdapterChangeListener)
android.support.v4.view.ViewPager: void setCurrentItem(int)
android.support.v4.view.ViewPager: int getCurrentItem()
android.support.v4.view.ViewPager: void setOnPageChangeListener(android.support.v4.view.ViewPager$OnPageChangeListener)
android.support.v4.view.ViewPager: void setChildrenDrawingOrderEnabledCompat(boolean)
android.support.v4.view.ViewPager: int getOffscreenPageLimit()
android.support.v4.view.ViewPager: void setOffscreenPageLimit(int)
android.support.v4.view.ViewPager: void setPageMargin(int)
android.support.v4.view.ViewPager: int getPageMargin()
android.support.v4.view.ViewPager: void setPageMarginDrawable(android.graphics.drawable.Drawable)
android.support.v4.view.ViewPager: void setPageMarginDrawable(int)
android.support.v4.view.ViewPager: void setScrollingCacheEnabled(boolean)
android.support.v4.view.ViewPager$SavedState
android.support.v4.view.ViewPager$SavedState: android.os.Parcelable$Creator CREATOR