projects/android/classygames/proguard/mapping.txt
edu.selu.android.classygames.AboutActivity -> edu.selu.android.classygames.AboutActivity:
    void onCreate(android.os.Bundle) -> onCreate
    boolean onOptionsItemSelected(com.actionbarsherlock.view.MenuItem) -> a
edu.selu.android.classygames.AboutActivity$1 -> edu.selu.android.classygames.a:
    edu.selu.android.classygames.AboutActivity this$0 -> a
    void onClick(android.view.View) -> onClick
edu.selu.android.classygames.CheckersGameActivity -> edu.selu.android.classygames.CheckersGameActivity:
    edu.selu.android.classygames.MyButton prevButton -> a
    edu.selu.android.classygames.MyButton[][] buttons -> b
    int greenNormal -> c
    int greenKing -> d
    int orangeNormal -> e
    int orangeKing -> f
    boolean boardLocked -> g
    java.lang.String gameId -> h
    edu.selu.android.classygames.data.Person personChallenged -> i
    java.lang.String board -> j
    void onCreate(android.os.Bundle) -> onCreate
    boolean onCreateOptionsMenu(com.actionbarsherlock.view.Menu) -> a
    boolean onOptionsItemSelected(com.actionbarsherlock.view.MenuItem) -> a
    boolean onPrepareOptionsMenu(com.actionbarsherlock.view.Menu) -> b
    void initBoard() -> d
    void initPieces() -> e
    void clearPieces() -> f
    java.lang.String parseServerResponse(java.lang.String) -> a
    void buildBoard() -> g
    void onClick(android.view.View) -> onClick
    boolean canBeKing(edu.selu.android.classygames.MyButton) -> a
    void makeKing(edu.selu.android.classygames.MyButton) -> b
    boolean isKing(edu.selu.android.classygames.MyButton) -> c
    void Move(edu.selu.android.classygames.MyButton) -> d
    boolean canMove(edu.selu.android.classygames.MyButton) -> e
    boolean canJump(edu.selu.android.classygames.MyButton) -> f
    int abs(int) -> a
    void undo() -> h
    void activityHasError() -> i
    void setBackground(int,android.view.View) -> a
edu.selu.android.classygames.CheckersGameActivity$AsyncGetGame -> edu.selu.android.classygames.b:
    android.app.ProgressDialog progressDialog -> b
    edu.selu.android.classygames.CheckersGameActivity this$0 -> a
    java.lang.String doInBackground(java.lang.Void[]) -> a
    void onPostExecute(java.lang.String) -> a
    void onPreExecute() -> onPreExecute
    void onPostExecute(java.lang.Object) -> onPostExecute
    java.lang.Object doInBackground(java.lang.Object[]) -> doInBackground
edu.selu.android.classygames.CheckersGameActivity$AsyncSendMove -> edu.selu.android.classygames.c:
    android.app.ProgressDialog progressDialog -> b
    edu.selu.android.classygames.CheckersGameActivity this$0 -> a
    java.lang.String doInBackground(java.lang.Void[]) -> a
    void onPostExecute(java.lang.String) -> a
    void onPreExecute() -> onPreExecute
    org.json.JSONArray createJSONTeams() -> a
    org.json.JSONArray createJSONTeam(boolean) -> a
    void onPostExecute(java.lang.Object) -> onPostExecute
    java.lang.Object doInBackground(java.lang.Object[]) -> doInBackground
edu.selu.android.classygames.ConfirmGameActivity -> edu.selu.android.classygames.ConfirmGameActivity:
    void onCreate(android.os.Bundle) -> onCreate
    void onActivityResult(int,int,android.content.Intent) -> onActivityResult
    boolean onOptionsItemSelected(com.actionbarsherlock.view.MenuItem) -> a
    void activityHasError() -> d
edu.selu.android.classygames.ConfirmGameActivity$1 -> edu.selu.android.classygames.d:
    edu.selu.android.classygames.ConfirmGameActivity this$0 -> a
    edu.selu.android.classygames.data.Person val$personChallenged -> b
    void onClick(android.view.View) -> onClick
edu.selu.android.classygames.ConfirmGameActivity$2 -> edu.selu.android.classygames.e:
    edu.selu.android.classygames.ConfirmGameActivity this$0 -> a
    void onClick(android.view.View) -> onClick
...
com.facebook.android.AsyncFacebookRunner$1 -> com.a.a.b:
    com.facebook.android.AsyncFacebookRunner this$0 -> a
    android.content.Context val$context -> b
    com.facebook.android.AsyncFacebookRunner$RequestListener val$listener -> c
    java.lang.Object val$state -> d
    void run() -> run
com.facebook.android.AsyncFacebookRunner$RequestListener -> com.a.a.c:
    void onComplete(java.lang.String,java.lang.Object) -> a
    void onIOException(java.io.IOException,java.lang.Object) -> a
    void onFileNotFoundException(java.io.FileNotFoundException,java.lang.Object) -> a
    void onMalformedURLException(java.net.MalformedURLException,java.lang.Object) -> a
    void onFacebookError(com.facebook.android.FacebookError,java.lang.Object) -> a
com.facebook.android.DialogError -> com.a.a.d:
    int mErrorCode -> a
    java.lang.String mFailingUrl -> b
com.facebook.android.Facebook -> com.a.a.e:
    android.net.Uri ATTRIBUTION_ID_CONTENT_URI -> a
    java.lang.String DIALOG_BASE_URL -> b
    java.lang.String GRAPH_BASE_URL -> c
    java.lang.String RESTSERVER_URL -> d
    java.lang.String mAccessToken -> e
    long mLastAccessUpdate -> f
    long mAccessExpires -> g
    java.lang.String mAppId -> h
    android.app.Activity mAuthActivity -> i
    java.lang.String[] mAuthPermissions -> j
    int mAuthActivityCode -> k
    com.facebook.android.Facebook$DialogListener mAuthDialogListener -> l
    long REFRESH_TOKEN_BARRIER -> m
    boolean publishSuccess -> n
    boolean shouldAutoPublishInstall -> o
    com.facebook.android.Facebook$AutoPublishAsyncTask mAutoPublishAsyncTask -> p
    void authorize(android.app.Activity,com.facebook.android.Facebook$DialogListener) -> a
    void authorize(android.app.Activity,java.lang.String[],int,com.facebook.android.Facebook$DialogListener) -> a
    boolean startSingleSignOn(android.app.Activity,java.lang.String,java.lang.String[],int) -> a
    boolean validateActivityIntent(android.content.Context,android.content.Intent) -> a
    boolean validateServiceIntent(android.content.Context,android.content.Intent) -> b
    boolean validateAppSignatureForPackage(android.content.Context,java.lang.String) -> a
    void startDialogAuth(android.app.Activity,java.lang.String[]) -> a
    void authorizeCallback(int,int,android.content.Intent) -> a
com.facebook.android.Facebook$1 -> com.a.a.f:
    com.facebook.android.Facebook this$0 -> a
    void onComplete(android.os.Bundle) -> a
    void onError(com.facebook.android.DialogError) -> a
    void onFacebookError(com.facebook.android.FacebookError) -> a
    void onCancel() -> a
com.facebook.android.Facebook$AutoPublishAsyncTask -> com.a.a.g:
    java.lang.String mApplicationId -> b
    android.content.Context mApplicationContext -> c
    com.facebook.android.Facebook this$0 -> a
    java.lang.Void doInBackground(java.lang.Void[]) -> a
    void onPostExecute(java.lang.Void) -> a
    void onPostExecute(java.lang.Object) -> onPostExecute
    java.lang.Object doInBackground(java.lang.Object[]) -> doInBackground
com.facebook.android.Facebook$DialogListener -> com.a.a.h:
    void onComplete(android.os.Bundle) -> a
    void onFacebookError(com.facebook.android.FacebookError) -> a
    void onError(com.facebook.android.DialogError) -> a
    void onCancel() -> a
com.facebook.android.Facebook$ServiceListener -> com.a.a.i:
    void onComplete(android.os.Bundle) -> a
    void onFacebookError(com.facebook.android.FacebookError) -> a
    void onError(java.lang.Error) -> a