projects/android/classygames/proguard/usage.txt
edu.selu.android.classygames.BuildConfig
edu.selu.android.classygames.CheckersGameActivity:
    public static final java.lang.String INTENT_DATA_GAME_ID
    public static final java.lang.String INTENT_DATA_PERSON_CHALLENGED_ID
    public static final java.lang.String INTENT_DATA_PERSON_CHALLENGED_NAME
edu.selu.android.classygames.GamesListActivity:
    public static final int NEED_TO_REFRESH
edu.selu.android.classygames.GamesListActivity$AsyncPopulateGamesList:
    private static final byte TOAST_NONE
    private static final byte TOAST_NO_GAMES
    private static final byte TOAST_SERVER_ERROR
    private static final byte TOAST_SERVER_RESPONSE_ERROR
edu.selu.android.classygames.ImageCache:
    public com.koushikdutta.urlimageviewhelper.DiskLruCache mDiskCache
    public android.support.v4.util.LruCache mMemoryCache
    public static final int COMPRESS_QUALITY
    public static final int APP_VERSION
    public static final int VALUE_COUNT
    public static final int IO_BUFFER_SIZE
    public static final int DISK_CACHE_SIZE
    public static final java.lang.String DISK_CACHE_SUBDIR
    22:22:public ImageCache()
edu.selu.android.classygames.LogoutActivity:
    public static final int LOGGED_OUT
edu.selu.android.classygames.Manifest
edu.selu.android.classygames.Manifest$permission
edu.selu.android.classygames.R
edu.selu.android.classygames.R$attr
edu.selu.android.classygames.R$bool
edu.selu.android.classygames.R$color
edu.selu.android.classygames.R$dimen
edu.selu.android.classygames.R$drawable
edu.selu.android.classygames.R$id
edu.selu.android.classygames.R$integer
edu.selu.android.classygames.R$layout
edu.selu.android.classygames.R$menu
edu.selu.android.classygames.R$string
edu.selu.android.classygames.R$style
edu.selu.android.classygames.R$styleable
edu.selu.android.classygames.SecretConstants
edu.selu.android.classygames.data.Person:
    19:23:public Person(java.lang.String)
edu.selu.android.classygames.games.Coordinate
edu.selu.android.classygames.games.Game:
    public static final boolean TURN_THEIRS
    public static final boolean TURN_YOURS
    public static final boolean TYPE_GAME
    public static final boolean TYPE_SEPARATOR
    61:62:void setId(java.lang.String)
    73:74:void setPerson(edu.selu.android.classygames.data.Person)
edu.selu.android.classygames.utilities.GCMIntentService:
    public static final int GCM_NOTIFICATION_ID
    public static final int GCM_NOTIFICATION_LIGHTS
    public static final int GCM_NOTIFICATION_LIGHTS_ON
    public static final int GCM_NOTIFICATION_LIGHTS_OFF
    private static final java.lang.String PREFERENCES
    private static final java.lang.String PREFERENCES_FILE
    private static final java.lang.String PREFERENCES_REG_ID
...
android.support.v4.view.ViewConfigurationCompat$ViewConfigurationVersionImpl
android.support.v4.view.ViewConfigurationCompatFroyo
android.support.v4.view.ViewGroupCompat
android.support.v4.view.ViewGroupCompat$ViewGroupCompatIcsImpl
android.support.v4.view.ViewGroupCompat$ViewGroupCompatImpl
android.support.v4.view.ViewGroupCompat$ViewGroupCompatStubImpl
android.support.v4.view.ViewGroupCompatIcs
android.support.v4.view.ViewPager:
    private static final java.lang.String TAG
    private static final boolean DEBUG
    private static final boolean USE_CACHE
    private static final int DEFAULT_OFFSCREEN_PAGES
    private static final int MAX_SETTLE_DURATION
    private static final int MIN_DISTANCE_FOR_FLING
    private static final int DEFAULT_GUTTER_SIZE
    private boolean mIgnoreGutter
    private static final int INVALID_POINTER
    private static final int CLOSE_ENOUGH
    private long mFakeDragBeginTime
    private static final int DRAW_ORDER_DEFAULT
    private static final int DRAW_ORDER_FORWARD
    private static final int DRAW_ORDER_REVERSE
    public static final int SCROLL_STATE_IDLE
    public static final int SCROLL_STATE_DRAGGING
    public static final int SCROLL_STATE_SETTLING
    337:339:public ViewPager(android.content.Context)
    342:344:public ViewPager(android.content.Context,android.util.AttributeSet)
    347:371:void initViewPager()
    579:591:public void setPageTransformer(boolean,android.support.v4.view.ViewPager$PageTransformer)
    623:625:android.support.v4.view.ViewPager$OnPageChangeListener setInternalPageChangeListener(android.support.v4.view.ViewPager$OnPageChangeListener)
    747:748:void smoothScrollTo(int,int)
    2196:2212:public boolean beginFakeDrag()
    2222:2243:public void endFakeDrag()
    2253:2291:public void fakeDragBy(float)
    2303:2303:public boolean isFakeDragging()
android.support.v4.view.ViewPager$3
android.support.v4.view.ViewPager$MyAccessibilityDelegate
android.support.v4.view.ViewPager$SimpleOnPageChangeListener
android.support.v4.view.accessibility.AccessibilityEventCompat
android.support.v4.view.accessibility.AccessibilityEventCompat$AccessibilityEventIcsImpl
android.support.v4.view.accessibility.AccessibilityEventCompat$AccessibilityEventStubImpl
android.support.v4.view.accessibility.AccessibilityEventCompat$AccessibilityEventVersionImpl
android.support.v4.view.accessibility.AccessibilityEventCompatIcs
android.support.v4.view.accessibility.AccessibilityManagerCompat
android.support.v4.view.accessibility.AccessibilityManagerCompat$AccessibilityManagerIcsImpl
android.support.v4.view.accessibility.AccessibilityManagerCompat$AccessibilityManagerIcsImpl$1
android.support.v4.view.accessibility.AccessibilityManagerCompat$AccessibilityManagerStubImpl
android.support.v4.view.accessibility.AccessibilityManagerCompat$AccessibilityManagerVersionImpl
android.support.v4.view.accessibility.AccessibilityManagerCompat$AccessibilityStateChangeListenerCompat
android.support.v4.view.accessibility.AccessibilityManagerCompatIcs
android.support.v4.view.accessibility.AccessibilityManagerCompatIcs$1
android.support.v4.view.accessibility.AccessibilityManagerCompatIcs$AccessibilityStateChangeListenerBridge
android.support.v4.view.accessibility.AccessibilityNodeInfoCompat
android.support.v4.view.accessibility.AccessibilityNodeInfoCompat$AccessibilityNodeInfoIcsImpl
android.support.v4.view.accessibility.AccessibilityNodeInfoCompat$AccessibilityNodeInfoImpl
android.support.v4.view.accessibility.AccessibilityNodeInfoCompat$AccessibilityNodeInfoJellybeanImpl
android.support.v4.view.accessibility.AccessibilityNodeInfoCompat$AccessibilityNodeInfoStubImpl
android.support.v4.view.accessibility.AccessibilityNodeInfoCompatIcs
android.support.v4.view.accessibility.AccessibilityNodeInfoCompatJellyBean
android.support.v4.view.accessibility.AccessibilityNodeProviderCompat